# JRE version: OpenJDK Runtime Environment (8.0_242-b01) (build 1.8.0_242-release-1644-b01)
# Java VM: OpenJDK 64-Bit Server VM (25.242-b01 mixed mode windows-amd64 compressed oops)
Heap:
 PSYoungGen      total 334848K, used 62047K [0x00000000d5580000, 0x00000000ec780000, 0x0000000100000000)
  eden space 295936K, 20% used [0x00000000d5580000,0x00000000d9217ec8,0x00000000e7680000)
  from space 38912K, 0% used [0x00000000e7680000,0x00000000e7680000,0x00000000e9c80000)
  to   space 36352K, 0% used [0x00000000e9c80000,0x00000000e9c80000,0x00000000ec000000)
 ParOldGen       total 113664K, used 67317K [0x0000000080000000, 0x0000000086f00000, 0x00000000d5580000)
  object space 113664K, 59% used [0x0000000080000000,0x00000000841bd7e0,0x0000000086f00000)
 Metaspace       used 93770K, capacity 97966K, committed 100888K, reserved 1136640K
  class space    used 12562K, capacity 13390K, committed 14120K, reserved 1048576K
GC Heap History (10 events):
Event: 43.289 GC heap before
{Heap before GC invocations=17 (full 3):
 PSYoungGen      total 241152K, used 241125K [0x00000000d5580000, 0x00000000e8600000, 0x0000000100000000)
  eden space 218112K, 100% used [0x00000000d5580000,0x00000000e2a80000,0x00000000e2a80000)
  from space 23040K, 99% used [0x00000000e2a80000,0x00000000e40f97e8,0x00000000e4100000)
  to   space 27648K, 0% used [0x00000000e6b00000,0x00000000e6b00000,0x00000000e8600000)
 ParOldGen       total 113664K, used 41353K [0x0000000080000000, 0x0000000086f00000, 0x00000000d5580000)
  object space 113664K, 36% used [0x0000000080000000,0x0000000082862420,0x0000000086f00000)
 Metaspace       used 80729K, capacity 84378K, committed 84632K, reserved 1122304K
  class space    used 10862K, capacity 11596K, committed 11688K, reserved 1048576K
Event: 43.322 GC heap after
Heap after GC invocations=17 (full 3):
 PSYoungGen      total 282112K, used 17751K [0x00000000d5580000, 0x00000000e8580000, 0x0000000100000000)
  eden space 254976K, 0% used [0x00000000d5580000,0x00000000d5580000,0x00000000e4e80000)
  from space 27136K, 65% used [0x00000000e6b00000,0x00000000e7c55e78,0x00000000e8580000)
  to   space 28160K, 0% used [0x00000000e4e80000,0x00000000e4e80000,0x00000000e6a00000)
 ParOldGen       total 113664K, used 59072K [0x0000000080000000, 0x0000000086f00000, 0x00000000d5580000)
  object space 113664K, 51% used [0x0000000080000000,0x00000000839b03d8,0x0000000086f00000)
 Metaspace       used 80729K, capacity 84378K, committed 84632K, reserved 1122304K
  class space    used 10862K, capacity 11596K, committed 11688K, reserved 1048576K
}
Event: 45.892 GC heap before
{Heap before GC invocations=18 (full 3):
 PSYoungGen      total 282112K, used 272727K [0x00000000d5580000, 0x00000000e8580000, 0x0000000100000000)
  eden space 254976K, 100% used [0x00000000d5580000,0x00000000e4e80000,0x00000000e4e80000)
  from space 27136K, 65% used [0x00000000e6b00000,0x00000000e7c55e78,0x00000000e8580000)
  to   space 28160K, 0% used [0x00000000e4e80000,0x00000000e4e80000,0x00000000e6a00000)
 ParOldGen       total 113664K, used 59072K [0x0000000080000000, 0x0000000086f00000, 0x00000000d5580000)
  object space 113664K, 51% used [0x0000000080000000,0x00000000839b03d8,0x0000000086f00000)
 Metaspace       used 82182K, capacity 86110K, committed 86296K, reserved 1124352K
  class space    used 11052K, capacity 11806K, committed 11816K, reserved 1048576K
Event: 45.924 GC heap after
Heap after GC invocations=18 (full 3):
 PSYoungGen      total 283136K, used 28157K [0x00000000d5580000, 0x00000000ec000000, 0x0000000100000000)
  eden space 254976K, 0% used [0x00000000d5580000,0x00000000d5580000,0x00000000e4e80000)
  from space 28160K, 99% used [0x00000000e4e80000,0x00000000e69ff7a0,0x00000000e6a00000)
  to   space 36352K, 0% used [0x00000000e9c80000,0x00000000e9c80000,0x00000000ec000000)
 ParOldGen       total 113664K, used 68924K [0x0000000080000000, 0x0000000086f00000, 0x00000000d5580000)
  object space 113664K, 60% used [0x0000000080000000,0x000000008434f0a0,0x0000000086f00000)
 Metaspace       used 82182K, capacity 86110K, committed 86296K, reserved 1124352K
  class space    used 11052K, capacity 11806K, committed 11816K, reserved 1048576K
}
Event: 48.240 GC heap before
{Heap before GC invocations=19 (full 3):
 PSYoungGen      total 283136K, used 282881K [0x00000000d5580000, 0x00000000ec000000, 0x0000000100000000)
  eden space 254976K, 99% used [0x00000000d5580000,0x00000000e4e40ee0,0x00000000e4e80000)
  from space 28160K, 99% used [0x00000000e4e80000,0x00000000e69ff7a0,0x00000000e6a00000)
  to   space 36352K, 0% used [0x00000000e9c80000,0x00000000e9c80000,0x00000000ec000000)
 ParOldGen       total 113664K, used 68924K [0x0000000080000000, 0x0000000086f00000, 0x00000000d5580000)
  object space 113664K, 60% used [0x0000000080000000,0x000000008434f0a0,0x0000000086f00000)
 Metaspace       used 91218K, capacity 96766K, committed 97048K, reserved 1132544K
  class space    used 12413K, capacity 13548K, committed 13608K, reserved 1048576K
Event: 48.277 GC heap after
Heap after GC invocations=19 (full 3):
 PSYoungGen      total 332288K, used 28244K [0x00000000d5580000, 0x00000000ec780000, 0x0000000100000000)
  eden space 295936K, 0% used [0x00000000d5580000,0x00000000d5580000,0x00000000e7680000)
  from space 36352K, 77% used [0x00000000e9c80000,0x00000000eb8150c8,0x00000000ec000000)
  to   space 38912K, 0% used [0x00000000e7680000,0x00000000e7680000,0x00000000e9c80000)
 ParOldGen       total 113664K, used 87220K [0x0000000080000000, 0x0000000086f00000, 0x00000000d5580000)
  object space 113664K, 76% used [0x0000000080000000,0x000000008552d3b0,0x0000000086f00000)
 Metaspace       used 91218K, capacity 96766K, committed 97048K, reserved 1132544K
  class space    used 12413K, capacity 13548K, committed 13608K, reserved 1048576K
}
Event: 50.590 GC heap before
{Heap before GC invocations=20 (full 3):
 PSYoungGen      total 332288K, used 322961K [0x00000000d5580000, 0x00000000ec780000, 0x0000000100000000)
  eden space 295936K, 99% used [0x00000000d5580000,0x00000000e754f338,0x00000000e7680000)
  from space 36352K, 77% used [0x00000000e9c80000,0x00000000eb8150c8,0x00000000ec000000)
  to   space 38912K, 0% used [0x00000000e7680000,0x00000000e7680000,0x00000000e9c80000)
 ParOldGen       total 113664K, used 87220K [0x0000000080000000, 0x0000000086f00000, 0x00000000d5580000)
  object space 113664K, 76% used [0x0000000080000000,0x000000008552d3b0,0x0000000086f00000)
 Metaspace       used 92677K, capacity 98506K, committed 98584K, reserved 1134592K
  class space    used 12611K, capacity 13798K, committed 13864K, reserved 1048576K
Event: 50.598 GC heap after
Heap after GC invocations=20 (full 3):
 PSYoungGen      total 334848K, used 4215K [0x00000000d5580000, 0x00000000ec780000, 0x0000000100000000)
  eden space 295936K, 0% used [0x00000000d5580000,0x00000000d5580000,0x00000000e7680000)
  from space 38912K, 10% used [0x00000000e7680000,0x00000000e7a9de98,0x00000000e9c80000)
  to   space 36352K, 0% used [0x00000000e9c80000,0x00000000e9c80000,0x00000000ec000000)
 ParOldGen       total 113664K, used 87228K [0x0000000080000000, 0x0000000086f00000, 0x00000000d5580000)
  object space 113664K, 76% used [0x0000000080000000,0x000000008552f3b0,0x0000000086f00000)
 Metaspace       used 92677K, capacity 98506K, committed 98584K, reserved 1134592K
  class space    used 12611K, capacity 13798K, committed 13864K, reserved 1048576K
}
Event: 50.598 GC heap before
{Heap before GC invocations=21 (full 4):
 PSYoungGen      total 334848K, used 4215K [0x00000000d5580000, 0x00000000ec780000, 0x0000000100000000)
  eden space 295936K, 0% used [0x00000000d5580000,0x00000000d5580000,0x00000000e7680000)
  from space 38912K, 10% used [0x00000000e7680000,0x00000000e7a9de98,0x00000000e9c80000)
  to   space 36352K, 0% used [0x00000000e9c80000,0x00000000e9c80000,0x00000000ec000000)
 ParOldGen       total 113664K, used 87228K [0x0000000080000000, 0x0000000086f00000, 0x00000000d5580000)
  object space 113664K, 76% used [0x0000000080000000,0x000000008552f3b0,0x0000000086f00000)
 Metaspace       used 92677K, capacity 98506K, committed 98584K, reserved 1134592K
  class space    used 12611K, capacity 13798K, committed 13864K, reserved 1048576K
Event: 51.468 GC heap after
Heap after GC invocations=21 (full 4):
 PSYoungGen      total 334848K, used 0K [0x00000000d5580000, 0x00000000ec780000, 0x0000000100000000)
  eden space 295936K, 0% used [0x00000000d5580000,0x00000000d5580000,0x00000000e7680000)
  from space 38912K, 0% used [0x00000000e7680000,0x00000000e7680000,0x00000000e9c80000)
  to   space 36352K, 0% used [0x00000000e9c80000,0x00000000e9c80000,0x00000000ec000000)
 ParOldGen       total 113664K, used 67317K [0x0000000080000000, 0x0000000086f00000, 0x00000000d5580000)
  object space 113664K, 59% used [0x0000000080000000,0x00000000841bd7e0,0x0000000086f00000)
 Metaspace       used 91413K, capacity 95460K, committed 98584K, reserved 1134592K
  class space    used 12166K, capacity 13001K, committed 13864K, reserved 1048576K
}

